<?xml version="1.0" encoding="UTF-8"?>
<!-- Generated by org.testng.reporters.JUnitReportReporter -->
<testsuite hostname="Magda" failures="0" tests="1" name="index.choosetests.ChooseTests" time="31.154" errors="0" timestamp="03 kwi 2022 21:26:19 GMT" skipped="0">
  <testcase classname="index.choosetests.ChooseTests" name="chooseTest" time="31.154"/>
</testsuite> <!-- index.choosetests.ChooseTests -->
