<?xml version="1.0" encoding="UTF-8"?>
<!-- Generated by org.testng.reporters.JUnitReportReporter -->
<testsuite hostname="Magda" failures="0" tests="1" name="index.getinspiredpagetests.GetInspiredPageTests" time="92.304" errors="0" timestamp="20 kwi 2022 20:51:42 GMT" skipped="0">
  <testcase classname="index.getinspiredpagetests.GetInspiredPageTests" name="getInspiredPageTest" time="92.304"/>
</testsuite> <!-- index.getinspiredpagetests.GetInspiredPageTests -->
