<?xml version="1.0" encoding="UTF-8"?>
<!-- Generated by org.testng.reporters.JUnitReportReporter -->
<testsuite hostname="Magda" failures="0" tests="2" name="index.chooseoutfittests.ChooseOutfitTopBottomsTests" time="140.536" errors="0" timestamp="20 kwi 2022 20:51:42 GMT" skipped="0">
  <testcase classname="index.chooseoutfittests.ChooseOutfitTopBottomsTests" name="chooseOutfitTopBottomsTest" time="53.409"/>
  <testcase classname="index.chooseoutfittests.ChooseOutfitTopBottomsTests" name="chooseOutfitTopBottomsTest" time="87.127"/>
</testsuite> <!-- index.chooseoutfittests.ChooseOutfitTopBottomsTests -->
