<?xml version="1.0" encoding="UTF-8"?>
<!-- Generated by org.testng.reporters.JUnitReportReporter -->
<testsuite hostname="Magda" failures="0" tests="2" name="index.chooseoutfittests.ChooseOutfitTests" time="86.253" errors="0" timestamp="16 kwi 2022 17:37:43 GMT" skipped="0">
  <testcase classname="index.chooseoutfittests.ChooseOutfitTests" name="chooseOutfitDressTest" time="42.911"/>
  <testcase classname="index.chooseoutfittests.ChooseOutfitTests" name="chooseOutfitDressTest" time="43.342"/>
</testsuite> <!-- index.chooseoutfittests.ChooseOutfitTests -->
