<?xml version="1.0" encoding="UTF-8"?>
<!-- Generated by org.testng.reporters.JUnitReportReporter -->
<testsuite hostname="Magda" failures="0" tests="5" name="index.loginpagetests.NegativeLogInTests" time="43.712" errors="0" timestamp="20 kwi 2022 20:51:42 GMT" skipped="0">
  <testcase classname="index.loginpagetests.NegativeLogInTests" name="negativeLogInTest" time="8.654"/>
  <testcase classname="index.loginpagetests.NegativeLogInTests" name="negativeLogInTest" time="8.700"/>
  <testcase classname="index.loginpagetests.NegativeLogInTests" name="negativeLogInTest" time="8.734"/>
  <testcase classname="index.loginpagetests.NegativeLogInTests" name="negativeLogInTest" time="8.795"/>
  <testcase classname="index.loginpagetests.NegativeLogInTests" name="negativeLogInTest" time="8.829"/>
</testsuite> <!-- index.loginpagetests.NegativeLogInTests -->
