<?xml version="1.0" encoding="UTF-8"?>
<!-- Generated by org.testng.reporters.JUnitReportReporter -->
<testsuite hostname="Magda" failures="0" tests="2" name="index.chooseoutfittests.ChooseOutfitDressTests" time="129.490" errors="0" timestamp="20 kwi 2022 20:51:42 GMT" skipped="0">
  <testcase classname="index.chooseoutfittests.ChooseOutfitDressTests" name="chooseOutfitDressTest" time="39.639"/>
  <testcase classname="index.chooseoutfittests.ChooseOutfitDressTests" name="chooseOutfitDressTest" time="89.851"/>
</testsuite> <!-- index.chooseoutfittests.ChooseOutfitDressTests -->
