<?xml version="1.0" encoding="UTF-8"?>
<!-- Generated by org.testng.reporters.JUnitReportReporter -->
<testsuite hostname="Magda" failures="0" tests="1" name="index.loginpagetests.PositiveLogInTests" time="15.438" errors="0" timestamp="20 kwi 2022 20:51:42 GMT" skipped="0">
  <testcase classname="index.loginpagetests.PositiveLogInTests" name="logInTest" time="15.438"/>
</testsuite> <!-- index.loginpagetests.PositiveLogInTests -->
