<?xml version="1.0" encoding="UTF-8"?>
<!-- Generated by org.testng.reporters.JUnitReportReporter -->
<testsuite hostname="Magda" failures="0" tests="3" name="index.addtoclosettests.AddToClosetTests" time="112.886" errors="0" timestamp="20 kwi 2022 20:51:42 GMT" skipped="0">
  <testcase classname="index.addtoclosettests.AddToClosetTests" name="addToClosetTest" time="30.771"/>
  <testcase classname="index.addtoclosettests.AddToClosetTests" name="addToClosetTest" time="52.348"/>
  <testcase classname="index.addtoclosettests.AddToClosetTests" name="addToClosetTest" time="29.767"/>
</testsuite> <!-- index.addtoclosettests.AddToClosetTests -->
